2016-11-03 22:17:11,917 [INFO] from play.core.server.NettyServer in play-fork-run-akka.actor.default-dispatcher-3 - Listening for HTTP on /0:0:0:0:0:0:0:0:9000
[34m[INFO][0;39m - [2016-11-03 22:17:21,144] - [com.zaxxer.hikari.HikariDataSource] HikariCP pool db is starting.
[34m[INFO][0;39m - [2016-11-03 22:17:21,309] - [application] DB initialization.................
[1;31m[ERROR][0;39m - [2016-11-03 22:17:21,794] - [application] Error in database initialization 
java.util.NoSuchElementException: Future.filter predicate is not satisfied
	at scala.concurrent.Future$$anonfun$filter$1.apply(Future.scala:280)
	at scala.util.Success$$anonfun$map$1.apply(Try.scala:237)
	at scala.util.Try$.apply(Try.scala:192)
	at scala.util.Success.map(Try.scala:237)
	at scala.concurrent.Future$$anonfun$map$1.apply(Future.scala:237)
	at scala.concurrent.Future$$anonfun$map$1.apply(Future.scala:237)
	at scala.concurrent.impl.CallbackRunnable.run(Promise.scala:32)
	at java.util.concurrent.ForkJoinTask$RunnableExecuteAction.exec(ForkJoinTask.java:1402)
	at java.util.concurrent.ForkJoinTask.doExec(ForkJoinTask.java:289)
	at java.util.concurrent.ForkJoinPool$WorkQueue.runTask(ForkJoinPool.java:1056)
	at java.util.concurrent.ForkJoinPool.runWorker(ForkJoinPool.java:1692)
	at java.util.concurrent.ForkJoinWorkerThread.run(ForkJoinWorkerThread.java:157)
[34m[INFO][0;39m - [2016-11-03 22:17:22,346] - [akka.event.slf4j.Slf4jLogger] Slf4jLogger started
[34m[INFO][0;39m - [2016-11-03 22:17:22,361] - [play.api.Play] Application started (Dev)
[34m[INFO][0;39m - [2016-11-03 22:17:25,196] - [controllers.EdanController] Ed list: List(Edan(Juan,Perez,Alcaldia,1234,mail@mail.com,Some(1)), Edan(Juan,Perez,Alcaldia,1234,mail1@mail.com,Some(2)), Edan(Juan,Perez,Alcaldia,1234,mail2@mail.com,Some(3)), Edan(Juan,Perez,Alcaldia,1234,mail333@mail.com,Some(4)))
[34m[INFO][0;39m - [2016-11-03 22:17:26,315] - [controllers.UsuarioController] Usu list: List(Usuario(Juan,Perez,mail@mail.com,1234,Some(1)), Usuario(Arnoldo,Perez,amail@mail.com,1234,Some(2)), Usuario(Pedro,Perez,pmail@mail.com,1234,Some(3)), Usuario(Miguel,Perez,mmail@mail.com,1234,Some(4)), Usuario(Miguelangrl,Perezoso,mmailm@mail.com,1234,Some(5)))
[34m[INFO][0;39m - [2016-11-03 22:18:16,393] - [com.zaxxer.hikari.pool.HikariPool] HikariCP pool db is shutting down.
